#
# There is insufficient memory for the Java Runtime Environment to continue.
# Native memory allocation (mmap) failed to map 51380224 bytes for G1 virtual space
# Possible reasons:
#   The system is out of physical RAM or swap space
#   The process is running with CompressedOops enabled, and the Java Heap may be blocking the growth of the native heap
# Possible solutions:
#   Reduce memory load on the system
#   Increase physical memory or swap space
#   Check if swap backing store is full
#   Decrease Java heap size (-Xmx/-Xms)
#   Decrease number of Java threads
#   Decrease Java thread stack sizes (-Xss)
#   Set larger code cache with -XX:ReservedCodeCacheSize=
#   JVM is running with Unscaled Compressed Oops mode in which the Java heap is
#     placed in the first 4GB address space. The Java Heap base address is the
#     maximum limit for the native heap growth. Please use -XX:HeapBaseMinAddress
#     to set the Java Heap base and to place the Java Heap above 4GB virtual address.
# This output file may be truncated or incomplete.
#
#  Out of Memory Error (os_windows.cpp:3825), pid=8308, tid=8776
#
# JRE version: OpenJDK Runtime Environment (17.0.10) (build 17.0.10+0--11572160)
# Java VM: OpenJDK 64-Bit Server VM (17.0.10+0--11572160, mixed mode, tiered, compressed oops, compressed class ptrs, g1 gc, windows-amd64)
# No core dump will be written. Minidumps are not enabled by default on client versions of Windows
#

---------------  S U M M A R Y ------------

Command Line: org.jetbrains.kotlin.cli.jvm.K2JVMCompiler @C:\Users\Shaxzodbek\AndroidStudioProjects\Mediaplayer\app\build\20240522_1126894057786892168.compiler.options

Host: Intel(R) Core(TM) i7-5500U CPU @ 2.40GHz, 4 cores, 7G,  Windows 10 , 64 bit Build 19041 (10.0.19041.3636)
Time: Wed May 22 10:14:50 2024 West Asia Standard Time elapsed time: 14.196011 seconds (0d 0h 0m 14s)

---------------  T H R E A D  ---------------

Current thread (0x000001ba608c15a0):  VMThread "VM Thread" [stack: 0x0000006a3aa00000,0x0000006a3ab00000] [id=8776]

Stack: [0x0000006a3aa00000,0x0000006a3ab00000]
Native frames: (J=compiled Java code, j=interpreted, Vv=VM code, C=native code)
V  [jvm.dll+0x688e89]
V  [jvm.dll+0x84247a]
V  [jvm.dll+0x8440be]
V  [jvm.dll+0x844723]
V  [jvm.dll+0x24be0f]
V  [jvm.dll+0x685c59]
V  [jvm.dll+0x67a50a]
V  [jvm.dll+0x30cbab]
V  [jvm.dll+0x314056]
V  [jvm.dll+0x363dce]
V  [jvm.dll+0x363fff]
V  [jvm.dll+0x2e2978]
V  [jvm.dll+0x2e0b54]
V  [jvm.dll+0x2e015c]
V  [jvm.dll+0x32502b]
V  [jvm.dll+0x848e1b]
V  [jvm.dll+0x849b61]
V  [jvm.dll+0x84a07d]
V  [jvm.dll+0x84a454]
V  [jvm.dll+0x84a520]
V  [jvm.dll+0x7f0d1a]
V  [jvm.dll+0x687d05]
C  [ucrtbase.dll+0x21bb2]
C  [KERNEL32.DLL+0x17344]
C  [ntdll.dll+0x526b1]

VM_Operation (0x0000006a3a4fa630): G1CollectForAllocation, mode: safepoint, requested by thread 0x000001ba453fc010


---------------  P R O C E S S  ---------------

Threads class SMR info:
_java_thread_list=0x000001ba60cd0390, length=12, elements={
0x000001ba453fc010, 0x000001ba608ac740, 0x000001ba608adea0, 0x000001ba60b58470,
0x000001ba60b58e40, 0x000001ba60b5c0b0, 0x000001ba60b5df50, 0x000001ba60b7bed0,
0x000001ba60b7d120, 0x000001ba60b92010, 0x000001ba60ce6530, 0x000001ba60cfd050
}

Java Threads: ( => current thread )
  0x000001ba453fc010 JavaThread "main" [_thread_blocked, id=7752, stack(0x0000006a3a400000,0x0000006a3a500000)]
  0x000001ba608ac740 JavaThread "Reference Handler" daemon [_thread_blocked, id=2964, stack(0x0000006a3ab00000,0x0000006a3ac00000)]
  0x000001ba608adea0 JavaThread "Finalizer" daemon [_thread_blocked, id=2800, stack(0x0000006a3ac00000,0x0000006a3ad00000)]
  0x000001ba60b58470 JavaThread "Signal Dispatcher" daemon [_thread_blocked, id=8288, stack(0x0000006a3ae00000,0x0000006a3af00000)]
  0x000001ba60b58e40 JavaThread "Attach Listener" daemon [_thread_blocked, id=5420, stack(0x0000006a3af00000,0x0000006a3b000000)]
  0x000001ba60b5c0b0 JavaThread "Service Thread" daemon [_thread_blocked, id=6408, stack(0x0000006a3b000000,0x0000006a3b100000)]
  0x000001ba60b5df50 JavaThread "Monitor Deflation Thread" daemon [_thread_blocked, id=8028, stack(0x0000006a3b100000,0x0000006a3b200000)]
  0x000001ba60b7bed0 JavaThread "C2 CompilerThread0" daemon [_thread_in_native, id=3048, stack(0x0000006a3b200000,0x0000006a3b300000)]
  0x000001ba60b7d120 JavaThread "C1 CompilerThread0" daemon [_thread_blocked, id=1248, stack(0x0000006a3b300000,0x0000006a3b400000)]
  0x000001ba60b92010 JavaThread "Sweeper thread" daemon [_thread_blocked, id=2424, stack(0x0000006a3b400000,0x0000006a3b500000)]
  0x000001ba60ce6530 JavaThread "Notification Thread" daemon [_thread_blocked, id=8852, stack(0x0000006a3b500000,0x0000006a3b600000)]
  0x000001ba60cfd050 JavaThread "Common-Cleaner" daemon [_thread_blocked, id=9660, stack(0x0000006a3b700000,0x0000006a3b800000)]

Other Threads:
=>0x000001ba608c15a0 VMThread "VM Thread" [stack: 0x0000006a3aa00000,0x0000006a3ab00000] [id=8776]
  0x000001ba60843a00 WatcherThread [stack: 0x0000006a3b600000,0x0000006a3b700000] [id=8408]
  0x000001ba45456d80 GCTaskThread "GC Thread#0" [stack: 0x0000006a3a500000,0x0000006a3a600000] [id=6392]
  0x000001ba651a9070 GCTaskThread "GC Thread#1" [stack: 0x0000006a3b800000,0x0000006a3b900000] [id=8844]
  0x000001ba651a9330 GCTaskThread "GC Thread#2" [stack: 0x0000006a3b900000,0x0000006a3ba00000] [id=6204]
  0x000001ba651e6070 GCTaskThread "GC Thread#3" [stack: 0x0000006a3ba00000,0x0000006a3bb00000] [id=964]
  0x000001ba45467a90 ConcurrentGCThread "G1 Main Marker" [stack: 0x0000006a3a600000,0x0000006a3a700000] [id=2328]
  0x000001ba454684b0 ConcurrentGCThread "G1 Conc#0" [stack: 0x0000006a3a700000,0x0000006a3a800000] [id=8592]
  0x000001ba607104a0 ConcurrentGCThread "G1 Refine#0" [stack: 0x0000006a3a800000,0x0000006a3a900000] [id=7640]
  0x000001ba60710ed0 ConcurrentGCThread "G1 Service" [stack: 0x0000006a3a900000,0x0000006a3aa00000] [id=7896]

Threads with active compile tasks:
C2 CompilerThread0    14221 3210       4       org.jetbrains.org.objectweb.asm.ClassReader::readMethod (1061 bytes)

VM state: at safepoint (normal execution)

VM Mutex/Monitor currently owned by a thread:  ([mutex/lock_event])
[0x000001ba453f9600] Threads_lock - owner thread: 0x000001ba608c15a0
[0x000001ba453f7830] Heap_lock - owner thread: 0x000001ba453fc010

Heap address: 0x0000000081200000, size: 2030 MB, Compressed Oops mode: 32-bit

CDS archive(s) not mapped
Compressed class space mapped at: 0x0000000100000000-0x0000000140000000, reserved size: 1073741824
Narrow klass base: 0x0000000000000000, Narrow klass shift: 3, Narrow klass range: 0x140000000

GC Precious Log:
 CPUs: 4 total, 4 available
 Memory: 8112M
 Large Page Support: Disabled
 NUMA Support: Disabled
 Compressed Oops: Enabled (32-bit)
 Heap Region Size: 1M
 Heap Min Capacity: 8M
 Heap Initial Capacity: 128M
 Heap Max Capacity: 2030M
 Pre-touch: Disabled
 Parallel Workers: 4
 Concurrent Workers: 1
 Concurrent Refinement Workers: 4
 Periodic GC: Disabled

Heap:
 garbage-first heap   total 50176K, used 29057K [0x0000000081200000, 0x0000000100000000)
  region size 1024K, 1 young (1024K), 1 survivors (1024K)
 Metaspace       used 46811K, committed 47040K, reserved 1114112K
  class space    used 5703K, committed 5824K, reserved 1048576K

Heap Regions: E=young(eden), S=young(survivor), O=old, HS=humongous(starts), HC=humongous(continues), CS=collection set, F=free, OA=open archive, CA=closed archive, TAMS=top-at-mark-start (previous, next)
|   0|0x0000000081200000, 0x0000000081300000, 0x0000000081300000|100%|HS|  |TAMS 0x0000000081300000, 0x0000000081300000| Complete 
|   1|0x0000000081300000, 0x0000000081400000, 0x0000000081400000|100%|HC|  |TAMS 0x0000000081400000, 0x0000000081400000| Complete 
|   2|0x0000000081400000, 0x0000000081500000, 0x0000000081500000|100%|HC|  |TAMS 0x0000000081500000, 0x0000000081500000| Complete 
|   3|0x0000000081500000, 0x0000000081600000, 0x0000000081600000|100%|HC|  |TAMS 0x0000000081600000, 0x0000000081600000| Complete 
|   4|0x0000000081600000, 0x00000000816ede00, 0x0000000081700000| 92%| O|  |TAMS 0x00000000816ede00, 0x00000000816ede00| Untracked 
|   5|0x0000000081700000, 0x0000000081800000, 0x0000000081800000|100%| O|  |TAMS 0x0000000081800000, 0x0000000081800000| Untracked 
|   6|0x0000000081800000, 0x0000000081900000, 0x0000000081900000|100%| O|  |TAMS 0x0000000081900000, 0x0000000081900000| Untracked 
|   7|0x0000000081900000, 0x0000000081a00000, 0x0000000081a00000|100%| O|  |TAMS 0x0000000081a00000, 0x0000000081a00000| Untracked 
|   8|0x0000000081a00000, 0x0000000081b00000, 0x0000000081b00000|100%| O|  |TAMS 0x0000000081b00000, 0x0000000081b00000| Untracked 
|   9|0x0000000081b00000, 0x0000000081c00000, 0x0000000081c00000|100%| O|  |TAMS 0x0000000081c00000, 0x0000000081c00000| Untracked 
|  10|0x0000000081c00000, 0x0000000081d00000, 0x0000000081d00000|100%| O|  |TAMS 0x0000000081d00000, 0x0000000081d00000| Untracked 
|  11|0x0000000081d00000, 0x0000000081e00000, 0x0000000081e00000|100%| O|  |TAMS 0x0000000081e00000, 0x0000000081e00000| Untracked 
|  12|0x0000000081e00000, 0x0000000081f00000, 0x0000000081f00000|100%| O|  |TAMS 0x0000000081f00000, 0x0000000081f00000| Untracked 
|  13|0x0000000081f00000, 0x0000000082000000, 0x0000000082000000|100%| O|  |TAMS 0x0000000082000000, 0x0000000082000000| Untracked 
|  14|0x0000000082000000, 0x0000000082100000, 0x0000000082100000|100%| O|  |TAMS 0x0000000082016a00, 0x0000000082100000| Untracked 
|  15|0x0000000082100000, 0x0000000082200000, 0x0000000082200000|100%| O|  |TAMS 0x0000000082200000, 0x0000000082200000| Untracked 
|  16|0x0000000082200000, 0x0000000082300000, 0x0000000082300000|100%| O|  |TAMS 0x0000000082300000, 0x0000000082300000| Untracked 
|  17|0x0000000082300000, 0x0000000082400000, 0x0000000082400000|100%| O|  |TAMS 0x0000000082400000, 0x0000000082400000| Untracked 
|  18|0x0000000082400000, 0x0000000082500000, 0x0000000082500000|100%| O|  |TAMS 0x0000000082500000, 0x0000000082500000| Untracked 
|  19|0x0000000082500000, 0x0000000082600000, 0x0000000082600000|100%|HS|  |TAMS 0x0000000082600000, 0x0000000082600000| Complete 
|  20|0x0000000082600000, 0x0000000082700000, 0x0000000082700000|100%|HC|  |TAMS 0x0000000082700000, 0x0000000082700000| Complete 
|  21|0x0000000082700000, 0x0000000082800000, 0x0000000082800000|100%| O|  |TAMS 0x0000000082700000, 0x0000000082800000| Untracked 
|  22|0x0000000082800000, 0x0000000082900000, 0x0000000082900000|100%| O|  |TAMS 0x0000000082800000, 0x0000000082900000| Untracked 
|  23|0x0000000082900000, 0x0000000082980000, 0x0000000082a00000| 50%| O|  |TAMS 0x0000000082900000, 0x0000000082900000| Untracked 
|  24|0x0000000082a00000, 0x0000000082b00000, 0x0000000082b00000|100%| O|  |TAMS 0x0000000082a00000, 0x0000000082b00000| Untracked 
|  25|0x0000000082b00000, 0x0000000082c00000, 0x0000000082c00000|100%| O|  |TAMS 0x0000000082b00000, 0x0000000082c00000| Untracked 
|  26|0x0000000082c00000, 0x0000000082d00000, 0x0000000082d00000|100%| O|  |TAMS 0x0000000082c00000, 0x0000000082c9ec00| Untracked 
|  27|0x0000000082d00000, 0x0000000082d00000, 0x0000000082e00000|  0%| F|  |TAMS 0x0000000082d00000, 0x0000000082d00000| Untracked 
|  28|0x0000000082e00000, 0x0000000082e00000, 0x0000000082f00000|  0%| F|  |TAMS 0x0000000082e00000, 0x0000000082e00000| Untracked 
|  29|0x0000000082f00000, 0x0000000082f00000, 0x0000000083000000|  0%| F|  |TAMS 0x0000000082f00000, 0x0000000082f00000| Untracked 
|  30|0x0000000083000000, 0x0000000083000000, 0x0000000083100000|  0%| F|  |TAMS 0x0000000083000000, 0x0000000083000000| Untracked 
|  31|0x0000000083100000, 0x0000000083100000, 0x0000000083200000|  0%| F|  |TAMS 0x0000000083100000, 0x0000000083100000| Untracked 
|  32|0x0000000083200000, 0x0000000083200000, 0x0000000083300000|  0%| F|  |TAMS 0x0000000083200000, 0x0000000083200000| Untracked 
|  33|0x0000000083300000, 0x0000000083300000, 0x0000000083400000|  0%| F|  |TAMS 0x0000000083300000, 0x0000000083300000| Untracked 
|  34|0x0000000083400000, 0x0000000083400000, 0x0000000083500000|  0%| F|  |TAMS 0x0000000083400000, 0x0000000083400000| Untracked 
|  35|0x0000000083500000, 0x0000000083500000, 0x0000000083600000|  0%| F|  |TAMS 0x0000000083500000, 0x0000000083500000| Untracked 
|  36|0x0000000083600000, 0x0000000083600000, 0x0000000083700000|  0%| F|  |TAMS 0x0000000083600000, 0x0000000083600000| Untracked 
|  37|0x0000000083700000, 0x0000000083700000, 0x0000000083800000|  0%| F|  |TAMS 0x0000000083700000, 0x0000000083700000| Untracked 
|  38|0x0000000083800000, 0x00000000838f2788, 0x0000000083900000| 94%| S|CS|TAMS 0x0000000083800000, 0x0000000083800000| Complete 
|  39|0x0000000083900000, 0x0000000083900000, 0x0000000083a00000|  0%| F|  |TAMS 0x0000000083900000, 0x0000000083900000| Untracked 
|  40|0x0000000083a00000, 0x0000000083a00000, 0x0000000083b00000|  0%| F|  |TAMS 0x0000000083a00000, 0x0000000083a00000| Untracked 
|  41|0x0000000083b00000, 0x0000000083b00000, 0x0000000083c00000|  0%| F|  |TAMS 0x0000000083b00000, 0x0000000083b00000| Untracked 
|  42|0x0000000083c00000, 0x0000000083c00000, 0x0000000083d00000|  0%| F|  |TAMS 0x0000000083c00000, 0x0000000083c00000| Untracked 
|  98|0x0000000087400000, 0x0000000087400000, 0x0000000087500000|  0%| F|  |TAMS 0x0000000087400000, 0x0000000087400000| Untracked 
|  99|0x0000000087500000, 0x0000000087500000, 0x0000000087600000|  0%| F|  |TAMS 0x0000000087500000, 0x0000000087500000| Untracked 
| 100|0x0000000087600000, 0x0000000087600000, 0x0000000087700000|  0%| F|  |TAMS 0x0000000087600000, 0x0000000087600000| Untracked 
| 101|0x0000000087700000, 0x0000000087700000, 0x0000000087800000|  0%| F|  |TAMS 0x0000000087700000, 0x0000000087700000| Untracked 
| 127|0x0000000089100000, 0x0000000089100000, 0x0000000089200000|  0%| F|  |TAMS 0x0000000089100000, 0x0000000089100000| Untracked 
|2029|0x00000000fff00000, 0x0000000100000000, 0x0000000100000000|100%| O|  |TAMS 0x0000000100000000, 0x0000000100000000| Untracked 

Card table byte_map: [0x000001ba59ae0000,0x000001ba59ee0000] _byte_map_base: 0x000001ba596d7000

Marking Bits (Prev, Next): (CMBitMap*) 0x000001ba454573e0, (CMBitMap*) 0x000001ba454573a0
 Prev Bits: [0x000001ba5c2a0000, 0x000001ba5e258000)
 Next Bits: [0x000001ba5a2e0000, 0x000001ba5c298000)

Polling page: 0x000001ba454c0000

Metaspace:

Usage:
  Non-class:     40.14 MB used.
      Class:      5.57 MB used.
       Both:     45.71 MB used.

Virtual space:
  Non-class space:       64.00 MB reserved,      40.25 MB ( 63%) committed,  1 nodes.
      Class space:        1.00 GB reserved,       5.69 MB ( <1%) committed,  1 nodes.
             Both:        1.06 GB reserved,      45.94 MB (  4%) committed. 

Chunk freelists:
   Non-Class:  7.22 MB
       Class:  10.28 MB
        Both:  17.50 MB

MaxMetaspaceSize: unlimited
CompressedClassSpaceSize: 1.00 GB
Initial GC threshold: 21.00 MB
Current GC threshold: 76.56 MB
CDS: off
MetaspaceReclaimPolicy: balanced
 - commit_granule_bytes: 65536.
 - commit_granule_words: 8192.
 - virtual_space_node_default_size: 8388608.
 - enlarge_chunks_in_place: 1.
 - new_chunks_are_fully_committed: 0.
 - uncommit_free_chunks: 1.
 - use_allocation_guard: 0.
 - handle_deallocations: 1.


Internal statistics:

num_allocs_failed_limit: 6.
num_arena_births: 164.
num_arena_deaths: 0.
num_vsnodes_births: 2.
num_vsnodes_deaths: 0.
num_space_committed: 734.
num_space_uncommitted: 0.
num_chunks_returned_to_freelist: 6.
num_chunks_taken_from_freelist: 1465.
num_chunk_merges: 6.
num_chunk_splits: 1255.
num_chunks_enlarged: 1153.
num_inconsistent_stats: 0.

CodeHeap 'non-profiled nmethods': size=120000Kb used=1076Kb max_used=1076Kb free=118923Kb
 bounds [0x000001ba51b90000, 0x000001ba51e00000, 0x000001ba590c0000]
CodeHeap 'profiled nmethods': size=120000Kb used=6979Kb max_used=6979Kb free=113021Kb
 bounds [0x000001ba4a0c0000, 0x000001ba4a7a0000, 0x000001ba515f0000]
CodeHeap 'non-nmethods': size=5760Kb used=1259Kb max_used=1297Kb free=4500Kb
 bounds [0x000001ba515f0000, 0x000001ba51860000, 0x000001ba51b90000]
 total_blobs=3835 nmethods=3264 adapters=483
 compilation: enabled
              stopped_count=0, restarted_count=0
 full_count=0

Compilation events (20 events):
Event: 14.116 Thread 0x000001ba60b7d120 3290       2       org.jetbrains.kotlin.protobuf.CodedOutputStream::writeEnumNoTag (6 bytes)
Event: 14.117 Thread 0x000001ba60b7d120 nmethod 3290 0x000001ba4a78d190 code [0x000001ba4a78d340, 0x000001ba4a78d4b8]
Event: 14.121 Thread 0x000001ba60b7d120 3292       2       org.jetbrains.kotlin.metadata.ProtoBuf$Annotation::writeTo (72 bytes)
Event: 14.123 Thread 0x000001ba60b7d120 nmethod 3292 0x000001ba4a78d590 code [0x000001ba4a78d7c0, 0x000001ba4a78dc18]
Event: 14.123 Thread 0x000001ba60b7d120 3293       2       org.jetbrains.kotlin.metadata.ProtoBuf$Annotation$Argument::writeTo (52 bytes)
Event: 14.124 Thread 0x000001ba60b7d120 nmethod 3293 0x000001ba4a78df10 code [0x000001ba4a78e120, 0x000001ba4a78e458]
Event: 14.124 Thread 0x000001ba60b7d120 3294       2       org.jetbrains.kotlin.metadata.ProtoBuf$Annotation$Argument$Value::writeTo (272 bytes)
Event: 14.127 Thread 0x000001ba60b7d120 nmethod 3294 0x000001ba4a78e710 code [0x000001ba4a78eaa0, 0x000001ba4a78f4f8]
Event: 14.136 Thread 0x000001ba60b7d120 3297       2       java.io.FilterInputStream::read (11 bytes)
Event: 14.136 Thread 0x000001ba60b7d120 nmethod 3297 0x000001ba4a78fd10 code [0x000001ba4a78fea0, 0x000001ba4a78ffc8]
Event: 14.136 Thread 0x000001ba60b7d120 3298       1       org.jetbrains.kotlin.metadata.ProtoBuf$Property::getContextReceiverTypeIdList (5 bytes)
Event: 14.136 Thread 0x000001ba60b7d120 nmethod 3298 0x000001ba51c9cc90 code [0x000001ba51c9ce20, 0x000001ba51c9cef8]
Event: 14.137 Thread 0x000001ba60b7d120 3299       1       org.jetbrains.kotlin.load.kotlin.JvmPackagePartSource::getClassName (5 bytes)
Event: 14.137 Thread 0x000001ba60b7d120 nmethod 3299 0x000001ba51c9cf90 code [0x000001ba51c9d120, 0x000001ba51c9d1f8]
Event: 14.141 Thread 0x000001ba60b7d120 3300       2       org.jetbrains.kotlin.metadata.jvm.JvmProtoBuf$StringTableTypes$Record$Operation::valueOf (42 bytes)
Event: 14.142 Thread 0x000001ba60b7d120 nmethod 3300 0x000001ba4a790090 code [0x000001ba4a790240, 0x000001ba4a7903d8]
Event: 14.171 Thread 0x000001ba60b7d120 3303       2       java.lang.Character::getType (9 bytes)
Event: 14.171 Thread 0x000001ba60b7d120 nmethod 3303 0x000001ba4a790490 code [0x000001ba4a790640, 0x000001ba4a790778]
Event: 14.171 Thread 0x000001ba60b7d120 3304       2       java.lang.CharacterDataLatin1::getType (11 bytes)
Event: 14.172 Thread 0x000001ba60b7d120 nmethod 3304 0x000001ba4a790810 code [0x000001ba4a7909a0, 0x000001ba4a790ad8]

GC Heap History (20 events):
Event: 9.932 GC heap after
{Heap after GC invocations=6 (full 0):
 garbage-first heap   total 38912K, used 16934K [0x0000000081200000, 0x0000000100000000)
  region size 1024K, 3 young (3072K), 3 survivors (3072K)
 Metaspace       used 29846K, committed 30016K, reserved 1114112K
  class space    used 3788K, committed 3840K, reserved 1048576K
}
Event: 10.625 GC heap before
{Heap before GC invocations=6 (full 0):
 garbage-first heap   total 38912K, used 27174K [0x0000000081200000, 0x0000000100000000)
  region size 1024K, 14 young (14336K), 3 survivors (3072K)
 Metaspace       used 33159K, committed 33344K, reserved 1114112K
  class space    used 4229K, committed 4352K, reserved 1048576K
}
Event: 10.641 GC heap after
{Heap after GC invocations=7 (full 0):
 garbage-first heap   total 38912K, used 18359K [0x0000000081200000, 0x0000000100000000)
  region size 1024K, 1 young (1024K), 1 survivors (1024K)
 Metaspace       used 33159K, committed 33344K, reserved 1114112K
  class space    used 4229K, committed 4352K, reserved 1048576K
}
Event: 11.053 GC heap before
{Heap before GC invocations=7 (full 0):
 garbage-first heap   total 38912K, used 29623K [0x0000000081200000, 0x0000000100000000)
  region size 1024K, 12 young (12288K), 1 survivors (1024K)
 Metaspace       used 35334K, committed 35520K, reserved 1114112K
  class space    used 4487K, committed 4608K, reserved 1048576K
}
Event: 11.064 GC heap after
{Heap after GC invocations=8 (full 0):
 garbage-first heap   total 38912K, used 17335K [0x0000000081200000, 0x0000000100000000)
  region size 1024K, 2 young (2048K), 2 survivors (2048K)
 Metaspace       used 35334K, committed 35520K, reserved 1114112K
  class space    used 4487K, committed 4608K, reserved 1048576K
}
Event: 11.214 GC heap before
{Heap before GC invocations=8 (full 0):
 garbage-first heap   total 38912K, used 20407K [0x0000000081200000, 0x0000000100000000)
  region size 1024K, 7 young (7168K), 2 survivors (2048K)
 Metaspace       used 36119K, committed 36288K, reserved 1114112K
  class space    used 4560K, committed 4672K, reserved 1048576K
}
Event: 11.222 GC heap after
{Heap after GC invocations=9 (full 0):
 garbage-first heap   total 47104K, used 18016K [0x0000000081200000, 0x0000000100000000)
  region size 1024K, 1 young (1024K), 1 survivors (1024K)
 Metaspace       used 36119K, committed 36288K, reserved 1114112K
  class space    used 4560K, committed 4672K, reserved 1048576K
}
Event: 11.827 GC heap before
{Heap before GC invocations=10 (full 0):
 garbage-first heap   total 47104K, used 32352K [0x0000000081200000, 0x0000000100000000)
  region size 1024K, 16 young (16384K), 1 survivors (1024K)
 Metaspace       used 39168K, committed 39360K, reserved 1114112K
  class space    used 4816K, committed 4928K, reserved 1048576K
}
Event: 11.837 GC heap after
{Heap after GC invocations=11 (full 0):
 garbage-first heap   total 47104K, used 19544K [0x0000000081200000, 0x0000000100000000)
  region size 1024K, 2 young (2048K), 2 survivors (2048K)
 Metaspace       used 39168K, committed 39360K, reserved 1114112K
  class space    used 4816K, committed 4928K, reserved 1048576K
}
Event: 11.875 GC heap before
{Heap before GC invocations=11 (full 0):
 garbage-first heap   total 47104K, used 20568K [0x0000000081200000, 0x0000000100000000)
  region size 1024K, 3 young (3072K), 2 survivors (2048K)
 Metaspace       used 39385K, committed 39552K, reserved 1114112K
  class space    used 4834K, committed 4928K, reserved 1048576K
}
Event: 11.882 GC heap after
{Heap after GC invocations=12 (full 0):
 garbage-first heap   total 47104K, used 19272K [0x0000000081200000, 0x0000000100000000)
  region size 1024K, 1 young (1024K), 1 survivors (1024K)
 Metaspace       used 39385K, committed 39552K, reserved 1114112K
  class space    used 4834K, committed 4928K, reserved 1048576K
}
Event: 12.501 GC heap before
{Heap before GC invocations=12 (full 0):
 garbage-first heap   total 47104K, used 32584K [0x0000000081200000, 0x0000000100000000)
  region size 1024K, 15 young (15360K), 1 survivors (1024K)
 Metaspace       used 42796K, committed 43072K, reserved 1114112K
  class space    used 5237K, committed 5376K, reserved 1048576K
}
Event: 12.508 GC heap after
{Heap after GC invocations=13 (full 0):
 garbage-first heap   total 47104K, used 19693K [0x0000000081200000, 0x0000000100000000)
  region size 1024K, 1 young (1024K), 1 survivors (1024K)
 Metaspace       used 42796K, committed 43072K, reserved 1114112K
  class space    used 5237K, committed 5376K, reserved 1048576K
}
Event: 13.397 GC heap before
{Heap before GC invocations=13 (full 0):
 garbage-first heap   total 47104K, used 36077K [0x0000000081200000, 0x0000000100000000)
  region size 1024K, 15 young (15360K), 1 survivors (1024K)
 Metaspace       used 46121K, committed 46336K, reserved 1114112K
  class space    used 5643K, committed 5760K, reserved 1048576K
}
Event: 13.413 GC heap after
{Heap after GC invocations=14 (full 0):
 garbage-first heap   total 47104K, used 23570K [0x0000000081200000, 0x0000000100000000)
  region size 1024K, 2 young (2048K), 2 survivors (2048K)
 Metaspace       used 46121K, committed 46336K, reserved 1114112K
  class space    used 5643K, committed 5760K, reserved 1048576K
}
Event: 13.860 GC heap before
{Heap before GC invocations=14 (full 0):
 garbage-first heap   total 47104K, used 33810K [0x0000000081200000, 0x0000000100000000)
  region size 1024K, 13 young (13312K), 2 survivors (2048K)
 Metaspace       used 46761K, committed 46976K, reserved 1114112K
  class space    used 5703K, committed 5824K, reserved 1048576K
}
Event: 13.874 GC heap after
{Heap after GC invocations=15 (full 0):
 garbage-first heap   total 47104K, used 26137K [0x0000000081200000, 0x0000000100000000)
  region size 1024K, 2 young (2048K), 2 survivors (2048K)
 Metaspace       used 46761K, committed 46976K, reserved 1114112K
  class space    used 5703K, committed 5824K, reserved 1048576K
}
Event: 14.056 GC heap before
{Heap before GC invocations=16 (full 0):
 garbage-first heap   total 50176K, used 36377K [0x0000000081200000, 0x0000000100000000)
  region size 1024K, 12 young (12288K), 2 survivors (2048K)
 Metaspace       used 46802K, committed 47040K, reserved 1114112K
  class space    used 5703K, committed 5824K, reserved 1048576K
}
Event: 14.075 GC heap after
{Heap after GC invocations=17 (full 0):
 garbage-first heap   total 50176K, used 29234K [0x0000000081200000, 0x0000000100000000)
  region size 1024K, 2 young (2048K), 2 survivors (2048K)
 Metaspace       used 46802K, committed 47040K, reserved 1114112K
  class space    used 5703K, committed 5824K, reserved 1048576K
}
Event: 14.186 GC heap before
{Heap before GC invocations=17 (full 0):
 garbage-first heap   total 50176K, used 38450K [0x0000000081200000, 0x0000000100000000)
  region size 1024K, 11 young (11264K), 2 survivors (2048K)
 Metaspace       used 46811K, committed 47040K, reserved 1114112K
  class space    used 5703K, committed 5824K, reserved 1048576K
}

Dll operation events (2 events):
Event: 0.081 Loaded shared library C:\Program Files\Android\Android Studio1\jbr\bin\java.dll
Event: 7.651 Loaded shared library C:\Program Files\Android\Android Studio1\jbr\bin\verify.dll

Deoptimization events (20 events):
Event: 13.216 Thread 0x000001ba453fc010 DEOPT PACKING pc=0x000001ba51c4ca48 sp=0x0000006a3a4fb5a0
Event: 13.216 Thread 0x000001ba453fc010 DEOPT UNPACKING pc=0x000001ba516469a3 sp=0x0000006a3a4fb488 mode 2
Event: 13.220 Thread 0x000001ba453fc010 Uncommon trap: trap_request=0xffffffc6 fr.pc=0x000001ba51c4ca48 relative=0x0000000000000568
Event: 13.220 Thread 0x000001ba453fc010 Uncommon trap: reason=bimorphic_or_optimized_type_check action=maybe_recompile pc=0x000001ba51c4ca48 method=org.jetbrains.kotlin.protobuf.CodedInputStream.tryRefillBuffer(I)Z @ 177 c2
Event: 13.220 Thread 0x000001ba453fc010 DEOPT PACKING pc=0x000001ba51c4ca48 sp=0x0000006a3a4fb5a0
Event: 13.221 Thread 0x000001ba453fc010 DEOPT UNPACKING pc=0x000001ba516469a3 sp=0x0000006a3a4fb488 mode 2
Event: 13.223 Thread 0x000001ba453fc010 Uncommon trap: trap_request=0xffffffc6 fr.pc=0x000001ba51c4ca48 relative=0x0000000000000568
Event: 13.223 Thread 0x000001ba453fc010 Uncommon trap: reason=bimorphic_or_optimized_type_check action=maybe_recompile pc=0x000001ba51c4ca48 method=org.jetbrains.kotlin.protobuf.CodedInputStream.tryRefillBuffer(I)Z @ 177 c2
Event: 13.223 Thread 0x000001ba453fc010 DEOPT PACKING pc=0x000001ba51c4ca48 sp=0x0000006a3a4fb470
Event: 13.223 Thread 0x000001ba453fc010 DEOPT UNPACKING pc=0x000001ba516469a3 sp=0x0000006a3a4fb350 mode 2
Event: 13.229 Thread 0x000001ba453fc010 Uncommon trap: trap_request=0xffffffc6 fr.pc=0x000001ba51c4ca48 relative=0x0000000000000568
Event: 13.229 Thread 0x000001ba453fc010 Uncommon trap: reason=bimorphic_or_optimized_type_check action=maybe_recompile pc=0x000001ba51c4ca48 method=org.jetbrains.kotlin.protobuf.CodedInputStream.tryRefillBuffer(I)Z @ 177 c2
Event: 13.230 Thread 0x000001ba453fc010 DEOPT PACKING pc=0x000001ba51c4ca48 sp=0x0000006a3a4fb470
Event: 13.230 Thread 0x000001ba453fc010 DEOPT UNPACKING pc=0x000001ba516469a3 sp=0x0000006a3a4fb350 mode 2
Event: 13.430 Thread 0x000001ba453fc010 DEOPT PACKING pc=0x000001ba4a5b1b65 sp=0x0000006a3a4fada0
Event: 13.430 Thread 0x000001ba453fc010 DEOPT UNPACKING pc=0x000001ba51647143 sp=0x0000006a3a4fa1f0 mode 0
Event: 13.579 Thread 0x000001ba453fc010 DEOPT PACKING pc=0x000001ba4a5b1b65 sp=0x0000006a3a4f8b40
Event: 13.579 Thread 0x000001ba453fc010 DEOPT UNPACKING pc=0x000001ba51647143 sp=0x0000006a3a4f7f90 mode 0
Event: 13.856 Thread 0x000001ba453fc010 DEOPT PACKING pc=0x000001ba4a5b1b65 sp=0x0000006a3a4faea0
Event: 13.856 Thread 0x000001ba453fc010 DEOPT UNPACKING pc=0x000001ba51647143 sp=0x0000006a3a4fa2f0 mode 0

Classes unloaded (0 events):
No events

Classes redefined (0 events):
No events

Internal exceptions (20 events):
Event: 6.683 Thread 0x000001ba453fc010 Exception <a 'java/lang/NoSuchMethodError'{0x00000000830a5050}: 'int java.lang.invoke.DelegatingMethodHandle$Holder.reinvoke_L(java.lang.Object, java.lang.Object, java.lang.Object, long, java.lang.Object, java.lang.Object)'> (0x00000000830a5050) 
thrown [s\src\hotspot\share\interpreter\linkResolver.cpp, line 771]
Event: 6.701 Thread 0x000001ba453fc010 Exception <a 'java/lang/NoSuchMethodError'{0x00000000830b3be0}: 'int java.lang.invoke.DelegatingMethodHandle$Holder.reinvoke_L(java.lang.Object, java.lang.Object, java.lang.Object, long, int, int)'> (0x00000000830b3be0) 
thrown [s\src\hotspot\share\interpreter\linkResolver.cpp, line 771]
Event: 6.712 Thread 0x000001ba453fc010 Exception <a 'java/lang/NoSuchMethodError'{0x00000000830c2518}: 'int java.lang.invoke.DelegatingMethodHandle$Holder.reinvoke_L(java.lang.Object, java.lang.Object, java.lang.Object, long, long, long)'> (0x00000000830c2518) 
thrown [s\src\hotspot\share\interpreter\linkResolver.cpp, line 771]
Event: 6.726 Thread 0x000001ba453fc010 Exception <a 'java/lang/NoSuchMethodError'{0x00000000830d0c58}: 'int java.lang.invoke.DelegatingMethodHandle$Holder.reinvoke_L(java.lang.Object, java.lang.Object, java.lang.Object, long, int)'> (0x00000000830d0c58) 
thrown [s\src\hotspot\share\interpreter\linkResolver.cpp, line 771]
Event: 6.798 Thread 0x000001ba453fc010 Exception <a 'java/lang/NoSuchMethodError'{0x0000000082f785d8}: 'int java.lang.invoke.DirectMethodHandle$Holder.invokeStaticInit(java.lang.Object, java.lang.Object, java.lang.Object)'> (0x0000000082f785d8) 
thrown [s\src\hotspot\share\interpreter\linkResolver.cpp, line 771]
Event: 6.804 Thread 0x000001ba453fc010 Exception <a 'java/lang/NoSuchMethodError'{0x0000000082fa2130}: 'int java.lang.invoke.DirectMethodHandle$Holder.invokeStaticInit(java.lang.Object, java.lang.Object)'> (0x0000000082fa2130) 
thrown [s\src\hotspot\share\interpreter\linkResolver.cpp, line 771]
Event: 6.831 Thread 0x000001ba453fc010 Exception <a 'java/lang/NoSuchMethodError'{0x0000000082e817d0}: 'void java.lang.invoke.DirectMethodHandle$Holder.invokeSpecial(java.lang.Object, java.lang.Object, java.lang.Object)'> (0x0000000082e817d0) 
thrown [s\src\hotspot\share\interpreter\linkResolver.cpp, line 771]
Event: 7.237 Thread 0x000001ba453fc010 Exception <a 'java/lang/NoSuchMethodError'{0x0000000082ba8ae0}: 'void java.lang.invoke.DirectMethodHandle$Holder.invokeStatic(java.lang.Object, java.lang.Object, java.lang.Object, java.lang.Object)'> (0x0000000082ba8ae0) 
thrown [s\src\hotspot\share\interpreter\linkResolver.cpp, line 771]
Event: 7.434 Thread 0x000001ba453fc010 Exception <a 'java/lang/NoSuchMethodError'{0x000000008276acd0}: 'void java.lang.invoke.DirectMethodHandle$Holder.invokeStaticInit(java.lang.Object, java.lang.Object)'> (0x000000008276acd0) 
thrown [s\src\hotspot\share\interpreter\linkResolver.cpp, line 771]
Event: 7.911 Thread 0x000001ba453fc010 Exception <a 'java/lang/NoSuchMethodError'{0x00000000823e4810}: 'void java.lang.invoke.DirectMethodHandle$Holder.invokeVirtual(java.lang.Object, java.lang.Object)'> (0x00000000823e4810) 
thrown [s\src\hotspot\share\interpreter\linkResolver.cpp, line 771]
Event: 7.967 Thread 0x000001ba453fc010 Exception <a 'java/lang/NoSuchMethodError'{0x000000008225e8b8}: 'int java.lang.invoke.DirectMethodHandle$Holder.invokeVirtual(java.lang.Object, java.lang.Object)'> (0x000000008225e8b8) 
thrown [s\src\hotspot\share\interpreter\linkResolver.cpp, line 771]
Event: 8.050 Thread 0x000001ba453fc010 Exception <a 'java/lang/NoSuchMethodError'{0x00000000822f6748}: 'java.lang.Object java.lang.invoke.Invokers$Holder.invokeExact_MT(java.lang.Object, java.lang.Object, java.lang.Object, java.lang.Object, java.lang.Object, java.lang.Object)'> (0x00000000822f6748) 
thrown [s\src\hotspot\share\interpreter\linkResolver.cpp, line 771]
Event: 10.374 Thread 0x000001ba453fc010 Implicit null exception at 0x000001ba51ba78f2 to 0x000001ba51ba7ec4
Event: 10.648 Thread 0x000001ba453fc010 Implicit null exception at 0x000001ba51ba84f2 to 0x000001ba51ba8ad4
Event: 10.746 Thread 0x000001ba453fc010 Exception <a 'java/lang/NoSuchMethodError'{0x00000000876f3288}: 'java.lang.Object java.lang.invoke.DirectMethodHandle$Holder.invokeVirtual(java.lang.Object, java.lang.Object, java.lang.Object)'> (0x00000000876f3288) 
thrown [s\src\hotspot\share\interpreter\linkResolver.cpp, line 771]
Event: 12.574 Thread 0x000001ba453fc010 Exception <a 'java/lang/NoSuchMethodError'{0x00000000891ea040}: 'java.lang.Object java.lang.invoke.DirectMethodHandle$Holder.newInvokeSpecial(java.lang.Object, java.lang.Object, java.lang.Object, int)'> (0x00000000891ea040) 
thrown [s\src\hotspot\share\interpreter\linkResolver.cpp, line 771]
Event: 12.576 Thread 0x000001ba453fc010 Exception <a 'java/lang/NoSuchMethodError'{0x00000000891ee6c8}: 'java.lang.Object java.lang.invoke.DirectMethodHandle$Holder.invokeSpecial(java.lang.Object, java.lang.Object, java.lang.Object, java.lang.Object, int)'> (0x00000000891ee6c8) 
thrown [s\src\hotspot\share\interpreter\linkResolver.cpp, line 771]
Event: 12.576 Thread 0x000001ba453fc010 Exception <a 'java/lang/NoSuchMethodError'{0x00000000891f2538}: 'java.lang.Object java.lang.invoke.Invokers$Holder.linkToTargetMethod(java.lang.Object, java.lang.Object, int, java.lang.Object)'> (0x00000000891f2538) 
thrown [s\src\hotspot\share\interpreter\linkResolver.cpp, line 771]
Event: 12.719 Thread 0x000001ba453fc010 Implicit null exception at 0x000001ba51c61e55 to 0x000001ba51c61f34
Event: 13.047 Thread 0x000001ba453fc010 Exception <a 'java/lang/NoSuchMethodError'{0x0000000083561160}: 'java.lang.Object java.lang.invoke.DirectMethodHandle$Holder.newInvokeSpecial(java.lang.Object, java.lang.Object, int)'> (0x0000000083561160) 
thrown [s\src\hotspot\share\interpreter\linkResolver.cpp, line 771]

VM Operations (20 events):
Event: 12.552 Executing VM operation: HandshakeAllThreads done
Event: 12.717 Executing VM operation: HandshakeAllThreads
Event: 12.717 Executing VM operation: HandshakeAllThreads done
Event: 13.064 Executing VM operation: HandshakeAllThreads
Event: 13.064 Executing VM operation: HandshakeAllThreads done
Event: 13.208 Executing VM operation: HandshakeAllThreads
Event: 13.208 Executing VM operation: HandshakeAllThreads done
Event: 13.397 Executing VM operation: G1CollectForAllocation
Event: 13.413 Executing VM operation: G1CollectForAllocation done
Event: 13.777 Executing VM operation: HandshakeAllThreads
Event: 13.777 Executing VM operation: HandshakeAllThreads done
Event: 13.860 Executing VM operation: G1TryInitiateConcMark
Event: 13.874 Executing VM operation: G1TryInitiateConcMark done
Event: 13.959 Executing VM operation: G1PauseRemark
Event: 13.967 Executing VM operation: G1PauseRemark done
Event: 14.001 Executing VM operation: G1PauseCleanup
Event: 14.001 Executing VM operation: G1PauseCleanup done
Event: 14.056 Executing VM operation: G1CollectForAllocation
Event: 14.075 Executing VM operation: G1CollectForAllocation done
Event: 14.186 Executing VM operation: G1CollectForAllocation

Events (20 events):
Event: 12.349 loading class java/util/AbstractMap$SimpleImmutableEntry
Event: 12.350 loading class java/util/AbstractMap$SimpleImmutableEntry done
Event: 12.456 loading class java/util/regex/Pattern$StartS
Event: 12.457 loading class java/util/regex/Pattern$StartS done
Event: 12.466 loading class java/util/ConcurrentModificationException
Event: 12.466 loading class java/util/ConcurrentModificationException done
Event: 12.500 loading class java/util/ArrayList$ListItr
Event: 12.501 loading class java/util/ArrayList$ListItr done
Event: 12.678 loading class java/io/InvalidObjectException
Event: 12.678 loading class java/io/InvalidObjectException done
Event: 12.714 loading class java/util/AbstractList$SubList$1
Event: 12.714 loading class java/util/AbstractList$SubList$1 done
Event: 12.715 loading class java/util/AbstractList$ListItr
Event: 12.716 loading class java/util/AbstractList$ListItr done
Event: 12.861 loading class java/text/StringCharacterIterator
Event: 12.861 loading class java/text/CharacterIterator
Event: 12.861 loading class java/text/CharacterIterator done
Event: 12.861 loading class java/text/StringCharacterIterator done
Event: 12.996 loading class java/lang/Override
Event: 12.996 loading class java/lang/Override done


Dynamic libraries:
0x00007ff7fc0c0000 - 0x00007ff7fc0ca000 	C:\Program Files\Android\Android Studio1\jbr\bin\java.exe
0x00007ffe632f0000 - 0x00007ffe634e8000 	C:\WINDOWS\SYSTEM32\ntdll.dll
0x00007ffe61ef0000 - 0x00007ffe61fad000 	C:\WINDOWS\System32\KERNEL32.DLL
0x00007ffe60d20000 - 0x00007ffe61016000 	C:\WINDOWS\System32\KERNELBASE.dll
0x00007ffe61020000 - 0x00007ffe61120000 	C:\WINDOWS\System32\ucrtbase.dll
0x00007ffe53970000 - 0x00007ffe53987000 	C:\Program Files\Android\Android Studio1\jbr\bin\jli.dll
0x00007ffe618d0000 - 0x00007ffe61a6f000 	C:\WINDOWS\System32\USER32.dll
0x00007ffe60a50000 - 0x00007ffe60a72000 	C:\WINDOWS\System32\win32u.dll
0x00007ffe62960000 - 0x00007ffe6298b000 	C:\WINDOWS\System32\GDI32.dll
0x00007ffe60b20000 - 0x00007ffe60c37000 	C:\WINDOWS\System32\gdi32full.dll
0x00007ffe60a80000 - 0x00007ffe60b1d000 	C:\WINDOWS\System32\msvcp_win.dll
0x00007ffe538f0000 - 0x00007ffe5390b000 	C:\Program Files\Android\Android Studio1\jbr\bin\VCRUNTIME140.dll
0x00007ffe4ff40000 - 0x00007ffe501da000 	C:\WINDOWS\WinSxS\amd64_microsoft.windows.common-controls_6595b64144ccf1df_6.0.19041.4355_none_60b8b9eb71f62e16\COMCTL32.dll
0x00007ffe61780000 - 0x00007ffe6181e000 	C:\WINDOWS\System32\msvcrt.dll
0x00007ffe61550000 - 0x00007ffe61582000 	C:\WINDOWS\System32\IMM32.DLL
0x00007ffe565f0000 - 0x00007ffe565fc000 	C:\Program Files\Android\Android Studio1\jbr\bin\vcruntime140_1.dll
0x00007ffe3bfe0000 - 0x00007ffe3c06d000 	C:\Program Files\Android\Android Studio1\jbr\bin\msvcp140.dll
0x00007ffe3a6b0000 - 0x00007ffe3b333000 	C:\Program Files\Android\Android Studio1\jbr\bin\server\jvm.dll
0x00007ffe61820000 - 0x00007ffe618d0000 	C:\WINDOWS\System32\ADVAPI32.dll
0x00007ffe61490000 - 0x00007ffe61530000 	C:\WINDOWS\System32\sechost.dll
0x00007ffe61c30000 - 0x00007ffe61d53000 	C:\WINDOWS\System32\RPCRT4.dll
0x00007ffe61190000 - 0x00007ffe611b7000 	C:\WINDOWS\System32\bcrypt.dll
0x00007ffe607f0000 - 0x00007ffe6083b000 	C:\WINDOWS\SYSTEM32\POWRPROF.dll
0x00007ffe5be30000 - 0x00007ffe5be39000 	C:\WINDOWS\SYSTEM32\WSOCK32.dll
0x00007ffe63240000 - 0x00007ffe632ab000 	C:\WINDOWS\System32\WS2_32.dll
0x00007ffe4e020000 - 0x00007ffe4e047000 	C:\WINDOWS\SYSTEM32\WINMM.dll
0x00007ffe4e280000 - 0x00007ffe4e28a000 	C:\WINDOWS\SYSTEM32\VERSION.dll
0x00007ffe607d0000 - 0x00007ffe607e2000 	C:\WINDOWS\SYSTEM32\UMPDC.dll
0x00007ffe5f1b0000 - 0x00007ffe5f1c2000 	C:\WINDOWS\SYSTEM32\kernel.appcore.dll
0x00007ffe5a480000 - 0x00007ffe5a48a000 	C:\Program Files\Android\Android Studio1\jbr\bin\jimage.dll
0x00007ffe5e700000 - 0x00007ffe5e8e4000 	C:\WINDOWS\SYSTEM32\DBGHELP.DLL
0x00007ffe488c0000 - 0x00007ffe488f4000 	C:\WINDOWS\SYSTEM32\dbgcore.DLL
0x00007ffe60c90000 - 0x00007ffe60d12000 	C:\WINDOWS\System32\bcryptPrimitives.dll
0x00007ffe579e0000 - 0x00007ffe57a05000 	C:\Program Files\Android\Android Studio1\jbr\bin\java.dll
0x00007ffe59db0000 - 0x00007ffe59dc8000 	C:\Program Files\Android\Android Studio1\jbr\bin\zip.dll
0x00007ffe62ad0000 - 0x00007ffe6323b000 	C:\WINDOWS\System32\SHELL32.dll
0x00007ffe5ea00000 - 0x00007ffe5f19d000 	C:\WINDOWS\SYSTEM32\windows.storage.dll
0x00007ffe620e0000 - 0x00007ffe62433000 	C:\WINDOWS\System32\combase.dll
0x00007ffe602f0000 - 0x00007ffe6031e000 	C:\WINDOWS\SYSTEM32\Wldp.dll
0x00007ffe61fb0000 - 0x00007ffe6207d000 	C:\WINDOWS\System32\OLEAUT32.dll
0x00007ffe62440000 - 0x00007ffe624ed000 	C:\WINDOWS\System32\SHCORE.dll
0x00007ffe62a70000 - 0x00007ffe62ac5000 	C:\WINDOWS\System32\shlwapi.dll
0x00007ffe608d0000 - 0x00007ffe608f4000 	C:\WINDOWS\SYSTEM32\profapi.dll
0x00007ffe58e30000 - 0x00007ffe58e49000 	C:\Program Files\Android\Android Studio1\jbr\bin\net.dll
0x00007ffe55580000 - 0x00007ffe5568a000 	C:\WINDOWS\SYSTEM32\WINHTTP.dll
0x00007ffe60050000 - 0x00007ffe600ba000 	C:\WINDOWS\system32\mswsock.dll
0x00007ffe579c0000 - 0x00007ffe579d6000 	C:\Program Files\Android\Android Studio1\jbr\bin\nio.dll
0x00007ffe59cf0000 - 0x00007ffe59d00000 	C:\Program Files\Android\Android Studio1\jbr\bin\verify.dll

dbghelp: loaded successfully - version: 4.0.5 - missing functions: none
symbol engine: initialized successfully - sym options: 0x614 - pdb path: .;C:\Program Files\Android\Android Studio1\jbr\bin;C:\WINDOWS\SYSTEM32;C:\WINDOWS\WinSxS\amd64_microsoft.windows.common-controls_6595b64144ccf1df_6.0.19041.4355_none_60b8b9eb71f62e16;C:\Program Files\Android\Android Studio1\jbr\bin\server

VM Arguments:
java_command: org.jetbrains.kotlin.cli.jvm.K2JVMCompiler @C:\Users\Shaxzodbek\AndroidStudioProjects\Mediaplayer\app\build\20240522_1126894057786892168.compiler.options
java_class_path (initial): C:\Users\Shaxzodbek\.gradle\caches\modules-2\files-2.1\org.jetbrains.kotlin\kotlin-compiler-embeddable\1.9.0\2c8c3a7402becca891f12739b3e9fd2dc2adbd7a\kotlin-compiler-embeddable-1.9.0.jar;C:\Users\Shaxzodbek\.gradle\caches\modules-2\files-2.1\org.jetbrains.kotlin\kotlin-stdlib\1.9.0\8ee15ef0c67dc83d874f412d84378d7f0eb50b63\kotlin-stdlib-1.9.0.jar;C:\Users\Shaxzodbek\.gradle\caches\modules-2\files-2.1\org.jetbrains.kotlin\kotlin-script-runtime\1.9.0\4b3102cbbb7e1b58d9d1adf89563f00069ffa7d1\kotlin-script-runtime-1.9.0.jar;C:\Users\Shaxzodbek\.gradle\caches\modules-2\files-2.1\org.jetbrains.kotlin\kotlin-reflect\1.6.10\1cbe9c92c12a94eea200d23c2bbaedaf3daf5132\kotlin-reflect-1.6.10.jar;C:\Users\Shaxzodbek\.gradle\caches\modules-2\files-2.1\org.jetbrains.kotlin\kotlin-daemon-embeddable\1.9.0\186543f5e28cf8d9a0290fecc2cf34301c40a65c\kotlin-daemon-embeddable-1.9.0.jar;C:\Users\Shaxzodbek\.gradle\caches\modules-2\files-2.1\org.jetbrains.intellij.deps\trove4j\1.0.20200330\3afb14d5f9ceb459d724e907a21145e8ff394f02\trove4j-1.0.20200330.jar;C:\Users\Shaxzodbek\.gradle\caches\modules-2\files-2.1\org.jetbrains.kotlin\kotlin-stdlib-common\1.9.0\cd65c21cfd1eec4d44ef09f9f52b6d9f8a720636\kotlin-stdlib-common-1.9.0.jar;C:\Users\Shaxzodbek\.gradle\caches\modules-2\files-2.1\org.jetbrains\annotations\13.0\919f0dfe192fb4e063e7dacadee7f8bb9a2672a9\annotations-13.0.jar
Launcher Type: SUN_STANDARD

[Global flags]
     intx CICompilerCount                          = 3                                         {product} {ergonomic}
     uint ConcGCThreads                            = 1                                         {product} {ergonomic}
     uint G1ConcRefinementThreads                  = 4                                         {product} {ergonomic}
   size_t G1HeapRegionSize                         = 1048576                                   {product} {ergonomic}
    uintx GCDrainStackTargetSize                   = 64                                        {product} {ergonomic}
   size_t InitialHeapSize                          = 134217728                                 {product} {ergonomic}
   size_t MarkStackSize                            = 4194304                                   {product} {ergonomic}
   size_t MaxHeapSize                              = 2128609280                                {product} {ergonomic}
   size_t MaxNewSize                               = 1277165568                                {product} {ergonomic}
   size_t MinHeapDeltaBytes                        = 1048576                                   {product} {ergonomic}
   size_t MinHeapSize                              = 8388608                                   {product} {ergonomic}
    uintx NonNMethodCodeHeapSize                   = 5832780                                {pd product} {ergonomic}
    uintx NonProfiledCodeHeapSize                  = 122912730                              {pd product} {ergonomic}
    uintx ProfiledCodeHeapSize                     = 122912730                              {pd product} {ergonomic}
    uintx ReservedCodeCacheSize                    = 251658240                              {pd product} {ergonomic}
     bool SegmentedCodeCache                       = true                                      {product} {ergonomic}
   size_t SoftMaxHeapSize                          = 2128609280                             {manageable} {ergonomic}
     bool UseCompressedClassPointers               = true                           {product lp64_product} {ergonomic}
     bool UseCompressedOops                        = true                           {product lp64_product} {ergonomic}
     bool UseG1GC                                  = true                                      {product} {ergonomic}
     bool UseLargePagesIndividualAllocation        = false                                  {pd product} {ergonomic}

Logging:
Log output configuration:
 #0: stdout all=warning uptime,level,tags
 #1: stderr all=off uptime,level,tags

Environment Variables:
PATH=C:\WINDOWS\system32;C:\WINDOWS;C:\WINDOWS\System32\Wbem;C:\WINDOWS\System32\WindowsPowerShell\v1.0\;C:\Program Files\Git\cmd;C:\Users\Shaxzodbek\AppData\Local\Microsoft\WindowsApps;
USERNAME=Shaxzodbek
OS=Windows_NT
PROCESSOR_IDENTIFIER=Intel64 Family 6 Model 61 Stepping 4, GenuineIntel
TMP=C:\Users\SHAXZO~1\AppData\Local\Temp
TEMP=C:\Users\SHAXZO~1\AppData\Local\Temp



Periodic native trim disabled

JNI global refs:
JNI global refs: 9, weak refs: 18

JNI global refs memory usage: 843, weak refs: 841

OOME stack traces (most recent first):
Classloader memory used:
Loader jdk.internal.loader.ClassLoaders$AppClassLoader                                 : 4580K
Loader bootstrap                                                                       : 1264K
Loader jdk.internal.reflect.DelegatingClassLoader                                      : 5635B


---------------  S Y S T E M  ---------------

OS:
 Windows 10 , 64 bit Build 19041 (10.0.19041.3636)
OS uptime: 0 days 13:26 hours

CPU: total 4 (initial active 4) (2 cores per cpu, 2 threads per core) family 6 model 61 stepping 4 microcode 0x2d, cx8, cmov, fxsr, ht, mmx, 3dnowpref, sse, sse2, sse3, ssse3, sse4.1, sse4.2, popcnt, lzcnt, tsc, tscinvbit, avx, avx2, aes, erms, clmul, bmi1, bmi2, adx, fma, vzeroupper, clflush
Processor Information for all 4 processors :
  Max Mhz: 2401, Current Mhz: 2401, Mhz Limit: 2401

Memory: 4k page, system-wide physical 8112M (286M free)
TotalPageFile size 8112M (AvailPageFile size 37M)
current process WorkingSet (physical memory assigned to process): 173M, peak: 175M
current process commit charge ("private bytes"): 202M, peak: 251M

vm_info: OpenJDK 64-Bit Server VM (17.0.10+0--11572160) for windows-amd64 JRE (17.0.10+0--11572160), built on Mar 13 2024 23:56:38 by "androidbuild" with MS VC++ 16.10 / 16.11 (VS2019)

END.
